-------------------------------------------------------------------------------
Test set: es.gobcan.ece.integracion1.Prueba19052021Test
-------------------------------------------------------------------------------
Tests run: 5, Failures: 1, Errors: 0, Skipped: 0, Time elapsed: 0.002 s <<< FAILURE! - in es.gobcan.ece.integracion1.Prueba19052021Test
Prueba3Test(es.gobcan.ece.integracion1.Prueba19052021Test)  Time elapsed: 0 s  <<< FAILURE!
java.lang.AssertionError: 0 + 0 es 0 expected:<-1> but was:<0>
	at es.gobcan.ece.integracion1.Prueba19052021Test.Prueba3Test(Prueba19052021Test.java:39)

