<?xml version="1.0" encoding="UTF-8"?>
<testsuite xmlns:xsi="http://www.w3.org/2001/XMLSchema-instance" xsi:noNamespaceSchemaLocation="https://maven.apache.org/surefire/maven-surefire-plugin/xsd/surefire-test-report.xsd" name="es.gobcan.ece.integracion1.Prueba19052021Test" time="0.002" tests="5" errors="0" skipped="0" failures="1">
  <properties>
[...]
</properties>
  <testcase name="shouldAnswerWithTrue" classname="es.gobcan.ece.integracion1.Prueba19052021Test" time="0"/>
  <testcase name="Prueba1Test" classname="es.gobcan.ece.integracion1.Prueba19052021Test" time="0"/>
  <testcase name="Prueba2Test" classname="es.gobcan.ece.integracion1.Prueba19052021Test" time="0"/>
  <testcase name="Prueba3Test" classname="es.gobcan.ece.integracion1.Prueba19052021Test" time="0">
    <failure message="0 + 0 es 0 expected:&lt;-1&gt; but was:&lt;0&gt;" type="java.lang.AssertionError"><![CDATA[java.lang.AssertionError: 0 + 0 es 0 expected:<-1> but was:<0>
	at es.gobcan.ece.integracion1.Prueba19052021Test.Prueba3Test(Prueba19052021Test.java:39)
]]></failure>
  </testcase>
  <testcase name="PruebaTest" classname="es.gobcan.ece.integracion1.Prueba19052021Test" time="0"/>
</testsuite>